<?xml version="1.0" encoding="UTF-8"?>
<!-- Generated by org.testng.reporters.JUnitXMLReporter -->
<testsuite ignored="4" hostname="DESKTOP-993SUM8" failures="0" tests="2" name="Test" time="1.118" errors="0" timestamp="2022-01-22T13:39:44 EET">
  <testcase classname="com.saucedemo.test.UserLoginTestCases" name="Login" time="0.53"/>
  <testcase classname="com.saucedemo.test.PurchaseProcessTestCase" name="purchaseItem" time="0.549"/>
  <testcase classname="com.saucedemo.test.TestBase" name="@BeforeSuite init" time="0.0">
    <ignored/>
  </testcase> <!-- @BeforeSuite init -->
  <testcase classname="com.saucedemo.test.TestBase" name="@BeforeSuite init" time="0.0">
    <ignored/>
  </testcase> <!-- @BeforeSuite init -->
  <testcase classname="com.saucedemo.test.TestBase" name="@AfterSuite stopDriver" time="0.0">
    <ignored/>
  </testcase> <!-- @AfterSuite stopDriver -->
  <testcase classname="com.saucedemo.test.TestBase" name="@AfterSuite stopDriver" time="0.0">
    <ignored/>
  </testcase> <!-- @AfterSuite stopDriver -->
</testsuite> <!-- Test -->
