<?xml version="1.0" encoding="UTF-8"?>
<testng-results ignored="4" total="6" passed="2" failed="0" skipped="0">
  <reporter-output>
  </reporter-output>
  <suite started-at="2022-01-22T13:39:43 EET" name="SauceDemoSuite" finished-at="2022-01-22T13:39:44 EET" duration-ms="1118">
    <groups>
    </groups>
    <test started-at="2022-01-22T13:39:43 EET" name="Test" finished-at="2022-01-22T13:39:44 EET" duration-ms="1118">
      <class name="com.saucedemo.test.PurchaseProcessTestCase">
        <test-method signature="purchaseItem()[pri:0, instance:com.saucedemo.test.PurchaseProcessTestCase@12aba8be]" started-at="2022-01-22T13:39:44 EET" name="purchaseItem" finished-at="2022-01-22T13:39:44 EET" duration-ms="549" status="PASS">
          <reporter-output>
          </reporter-output>
        </test-method> <!-- purchaseItem -->
      </class> <!-- com.saucedemo.test.PurchaseProcessTestCase -->
      <class name="com.saucedemo.test.UserLoginTestCases">
        <test-method is-config="true" signature="init(java.lang.String)[pri:0, instance:com.saucedemo.test.UserLoginTestCases@4dbb42b7]" started-at="2022-01-22T13:39:40 EET" name="init" finished-at="2022-01-22T13:39:43 EET" duration-ms="3153" status="PASS">
          <params>
            <param index="0">
              <value>
                <![CDATA[chrome]]>
              </value>
            </param>
          </params>
          <reporter-output>
          </reporter-output>
        </test-method> <!-- init -->
        <test-method signature="Login()[pri:0, instance:com.saucedemo.test.UserLoginTestCases@4dbb42b7]" started-at="2022-01-22T13:39:43 EET" name="Login" finished-at="2022-01-22T13:39:44 EET" duration-ms="530" status="PASS">
          <reporter-output>
          </reporter-output>
        </test-method> <!-- Login -->
        <test-method is-config="true" signature="stopDriver()[pri:0, instance:com.saucedemo.test.UserLoginTestCases@4dbb42b7]" started-at="2022-01-22T13:39:44 EET" name="stopDriver" finished-at="2022-01-22T13:39:44 EET" duration-ms="186" status="PASS">
          <reporter-output>
          </reporter-output>
        </test-method> <!-- stopDriver -->
      </class> <!-- com.saucedemo.test.UserLoginTestCases -->
    </test> <!-- Test -->
  </suite> <!-- SauceDemoSuite -->
</testng-results>
